2018-12-22 09:43:56,790 [INFO] from [CompilerActor(akka://application/user/$h/flowActor#-95628205)] in application-akka.actor.default-dispatcher-18 - Actor Stopped
2018-12-22 09:43:56,791 [DEBUG] from play.api.libs.streams.ActorFlow$$anonfun$actorRef$1$$anon$1 in application-akka.actor.default-dispatcher-23 - no longer watched by Actor[akka://application/system/StreamSupervisor-3/flow-43-2-actorRefSink#1803495480]
2018-12-22 09:43:56,791 [DEBUG] from play.api.libs.streams.ActorFlow$$anonfun$actorRef$1$$anon$1 in application-akka.actor.default-dispatcher-23 - no longer watched by Actor[akka://application/system/StreamSupervisor-3/flow-39-2-actorRefSink#1512930349]
2018-12-22 09:43:56,791 [DEBUG] from play.api.libs.streams.ActorFlow$$anonfun$actorRef$1$$anon$1 in application-akka.actor.default-dispatcher-23 - no longer watched by Actor[akka://application/system/StreamSupervisor-3/flow-41-2-actorRefSink#-1776250902]
2018-12-22 09:43:56,791 [DEBUG] from play.api.libs.streams.ActorFlow$$anonfun$actorRef$1$$anon$1 in application-akka.actor.default-dispatcher-23 - stopped
2018-12-22 09:43:56,791 [DEBUG] from play.api.libs.streams.ActorFlow$$anonfun$actorRef$1$$anon$1 in application-akka.actor.default-dispatcher-23 - stopped
2018-12-22 09:43:56,791 [DEBUG] from play.api.libs.streams.ActorFlow$$anonfun$actorRef$1$$anon$1 in application-akka.actor.default-dispatcher-23 - stopped
2018-12-22 09:43:58,004 [DEBUG] from play.api.libs.streams.ActorFlow$$anonfun$actorRef$1$$anon$1 in application-akka.actor.default-dispatcher-19 - started (play.api.libs.streams.ActorFlow$$anonfun$actorRef$1$$anon$1@3f431e6)
2018-12-22 09:43:58,004 [DEBUG] from play.api.libs.streams.ActorFlow$$anonfun$actorRef$1$$anon$1 in application-akka.actor.default-dispatcher-19 - now supervising Actor[akka://application/user/$k/flowActor#1133197248]
2018-12-22 09:43:58,009 [DEBUG] from play.api.libs.streams.ActorFlow$$anonfun$actorRef$1$$anon$1 in application-akka.actor.default-dispatcher-17 - now watched by Actor[akka://application/system/StreamSupervisor-3/flow-53-2-actorRefSink#-1303494099]
2018-12-22 09:43:58,028 [DEBUG] from play.api.libs.streams.ActorFlow$$anonfun$actorRef$1$$anon$1 in application-akka.actor.default-dispatcher-21 - started (play.api.libs.streams.ActorFlow$$anonfun$actorRef$1$$anon$1@1976f3cb)
2018-12-22 09:43:58,029 [DEBUG] from play.api.libs.streams.ActorFlow$$anonfun$actorRef$1$$anon$1 in application-akka.actor.default-dispatcher-21 - now supervising Actor[akka://application/user/$l/flowActor#906440263]
2018-12-22 09:43:58,031 [DEBUG] from play.api.libs.streams.ActorFlow$$anonfun$actorRef$1$$anon$1 in application-akka.actor.default-dispatcher-19 - now watched by Actor[akka://application/system/StreamSupervisor-3/flow-55-2-actorRefSink#-1037932099]
2018-12-22 09:43:58,049 [DEBUG] from play.api.libs.streams.ActorFlow$$anonfun$actorRef$1$$anon$1 in application-akka.actor.default-dispatcher-22 - started (play.api.libs.streams.ActorFlow$$anonfun$actorRef$1$$anon$1@2ce6b7bd)
2018-12-22 09:43:58,049 [DEBUG] from play.api.libs.streams.ActorFlow$$anonfun$actorRef$1$$anon$1 in application-akka.actor.default-dispatcher-22 - now supervising Actor[akka://application/user/$m/flowActor#523438046]
2018-12-22 09:43:58,053 [DEBUG] from play.api.libs.streams.ActorFlow$$anonfun$actorRef$1$$anon$1 in application-akka.actor.default-dispatcher-13 - now watched by Actor[akka://application/system/StreamSupervisor-3/flow-57-2-actorRefSink#-1911130993]
2018-12-22 09:57:27,931 [INFO] from [CompilerActor(akka://application/user/$k/flowActor#1133197248)] in application-akka.actor.default-dispatcher-20 - Actor Stopped
2018-12-22 09:57:27,931 [DEBUG] from play.api.libs.streams.ActorFlow$$anonfun$actorRef$1$$anon$1 in application-akka.actor.default-dispatcher-28 - no longer watched by Actor[akka://application/system/StreamSupervisor-3/flow-53-2-actorRefSink#-1303494099]
2018-12-22 09:57:27,932 [DEBUG] from play.api.libs.streams.ActorFlow$$anonfun$actorRef$1$$anon$1 in application-akka.actor.default-dispatcher-28 - no longer watched by Actor[akka://application/system/StreamSupervisor-3/flow-57-2-actorRefSink#-1911130993]
2018-12-22 09:57:27,932 [DEBUG] from play.api.libs.streams.ActorFlow$$anonfun$actorRef$1$$anon$1 in application-akka.actor.default-dispatcher-28 - no longer watched by Actor[akka://application/system/StreamSupervisor-3/flow-55-2-actorRefSink#-1037932099]
2018-12-22 09:57:27,932 [DEBUG] from play.api.libs.streams.ActorFlow$$anonfun$actorRef$1$$anon$1 in application-akka.actor.default-dispatcher-28 - stopped
2018-12-22 09:57:27,932 [DEBUG] from play.api.libs.streams.ActorFlow$$anonfun$actorRef$1$$anon$1 in application-akka.actor.default-dispatcher-28 - stopped
2018-12-22 09:57:27,932 [DEBUG] from play.api.libs.streams.ActorFlow$$anonfun$actorRef$1$$anon$1 in application-akka.actor.default-dispatcher-28 - stopped
2018-12-22 09:57:29,370 [DEBUG] from play.api.libs.streams.ActorFlow$$anonfun$actorRef$1$$anon$1 in application-akka.actor.default-dispatcher-29 - started (play.api.libs.streams.ActorFlow$$anonfun$actorRef$1$$anon$1@7d447c75)
2018-12-22 09:57:29,371 [DEBUG] from play.api.libs.streams.ActorFlow$$anonfun$actorRef$1$$anon$1 in application-akka.actor.default-dispatcher-29 - now supervising Actor[akka://application/user/$n/flowActor#-1608272982]
2018-12-22 09:57:29,373 [DEBUG] from play.api.libs.streams.ActorFlow$$anonfun$actorRef$1$$anon$1 in application-akka.actor.default-dispatcher-28 - now watched by Actor[akka://application/system/StreamSupervisor-3/flow-67-2-actorRefSink#913127535]
2018-12-22 09:57:29,398 [DEBUG] from play.api.libs.streams.ActorFlow$$anonfun$actorRef$1$$anon$1 in application-akka.actor.default-dispatcher-26 - started (play.api.libs.streams.ActorFlow$$anonfun$actorRef$1$$anon$1@119286ee)
2018-12-22 09:57:29,398 [DEBUG] from play.api.libs.streams.ActorFlow$$anonfun$actorRef$1$$anon$1 in application-akka.actor.default-dispatcher-26 - now supervising Actor[akka://application/user/$o/flowActor#-736106389]
2018-12-22 09:57:29,402 [DEBUG] from play.api.libs.streams.ActorFlow$$anonfun$actorRef$1$$anon$1 in application-akka.actor.default-dispatcher-26 - now watched by Actor[akka://application/system/StreamSupervisor-3/flow-69-2-actorRefSink#1846729500]
2018-12-22 09:57:29,421 [DEBUG] from play.api.libs.streams.ActorFlow$$anonfun$actorRef$1$$anon$1 in application-akka.actor.default-dispatcher-28 - started (play.api.libs.streams.ActorFlow$$anonfun$actorRef$1$$anon$1@551893f3)
2018-12-22 09:57:29,421 [DEBUG] from play.api.libs.streams.ActorFlow$$anonfun$actorRef$1$$anon$1 in application-akka.actor.default-dispatcher-28 - now supervising Actor[akka://application/user/$p/flowActor#-1941150806]
2018-12-22 09:57:29,424 [DEBUG] from play.api.libs.streams.ActorFlow$$anonfun$actorRef$1$$anon$1 in application-akka.actor.default-dispatcher-26 - now watched by Actor[akka://application/system/StreamSupervisor-3/flow-71-2-actorRefSink#-437599849]
2018-12-22 10:14:07,433 [DEBUG] from play.api.libs.streams.ActorFlow$$anonfun$actorRef$1$$anon$1 in application-akka.actor.default-dispatcher-32 - no longer watched by Actor[akka://application/system/StreamSupervisor-3/flow-69-2-actorRefSink#1846729500]
2018-12-22 10:14:07,434 [DEBUG] from play.api.libs.streams.ActorFlow$$anonfun$actorRef$1$$anon$1 in application-akka.actor.default-dispatcher-32 - no longer watched by Actor[akka://application/system/StreamSupervisor-3/flow-71-2-actorRefSink#-437599849]
2018-12-22 10:14:07,434 [DEBUG] from play.api.libs.streams.ActorFlow$$anonfun$actorRef$1$$anon$1 in application-akka.actor.default-dispatcher-32 - no longer watched by Actor[akka://application/system/StreamSupervisor-3/flow-67-2-actorRefSink#913127535]
2018-12-22 10:14:07,434 [INFO] from [CompilerActor(akka://application/user/$n/flowActor#-1608272982)] in application-akka.actor.default-dispatcher-38 - Actor Stopped
2018-12-22 10:14:07,434 [DEBUG] from play.api.libs.streams.ActorFlow$$anonfun$actorRef$1$$anon$1 in application-akka.actor.default-dispatcher-36 - stopped
2018-12-22 10:14:07,434 [DEBUG] from play.api.libs.streams.ActorFlow$$anonfun$actorRef$1$$anon$1 in application-akka.actor.default-dispatcher-36 - stopped
2018-12-22 10:14:07,434 [DEBUG] from play.api.libs.streams.ActorFlow$$anonfun$actorRef$1$$anon$1 in application-akka.actor.default-dispatcher-32 - stopped
2018-12-22 10:14:08,843 [DEBUG] from play.api.libs.streams.ActorFlow$$anonfun$actorRef$1$$anon$1 in application-akka.actor.default-dispatcher-35 - started (play.api.libs.streams.ActorFlow$$anonfun$actorRef$1$$anon$1@bd618a2)
2018-12-22 10:14:08,843 [DEBUG] from play.api.libs.streams.ActorFlow$$anonfun$actorRef$1$$anon$1 in application-akka.actor.default-dispatcher-35 - now supervising Actor[akka://application/user/$q/flowActor#1592955793]
2018-12-22 10:14:08,845 [DEBUG] from play.api.libs.streams.ActorFlow$$anonfun$actorRef$1$$anon$1 in application-akka.actor.default-dispatcher-39 - now watched by Actor[akka://application/system/StreamSupervisor-3/flow-81-2-actorRefSink#-373875776]
2018-12-22 10:14:08,865 [DEBUG] from play.api.libs.streams.ActorFlow$$anonfun$actorRef$1$$anon$1 in application-akka.actor.default-dispatcher-38 - started (play.api.libs.streams.ActorFlow$$anonfun$actorRef$1$$anon$1@1f0f41c2)
2018-12-22 10:14:08,865 [DEBUG] from play.api.libs.streams.ActorFlow$$anonfun$actorRef$1$$anon$1 in application-akka.actor.default-dispatcher-38 - now supervising Actor[akka://application/user/$r/flowActor#2115873287]
2018-12-22 10:14:08,875 [DEBUG] from play.api.libs.streams.ActorFlow$$anonfun$actorRef$1$$anon$1 in application-akka.actor.default-dispatcher-40 - now watched by Actor[akka://application/system/StreamSupervisor-3/flow-83-2-actorRefSink#99527467]
2018-12-22 10:14:08,899 [DEBUG] from play.api.libs.streams.ActorFlow$$anonfun$actorRef$1$$anon$1 in application-akka.actor.default-dispatcher-36 - started (play.api.libs.streams.ActorFlow$$anonfun$actorRef$1$$anon$1@21e8c066)
2018-12-22 10:14:08,899 [DEBUG] from play.api.libs.streams.ActorFlow$$anonfun$actorRef$1$$anon$1 in application-akka.actor.default-dispatcher-36 - now supervising Actor[akka://application/user/$s/flowActor#-809000471]
2018-12-22 10:14:08,902 [DEBUG] from play.api.libs.streams.ActorFlow$$anonfun$actorRef$1$$anon$1 in application-akka.actor.default-dispatcher-36 - now watched by Actor[akka://application/system/StreamSupervisor-3/flow-85-2-actorRefSink#1332686560]
2018-12-22 10:15:26,299 [DEBUG] from play.api.libs.streams.ActorFlow$$anonfun$actorRef$1$$anon$1 in application-akka.actor.default-dispatcher-42 - no longer watched by Actor[akka://application/system/StreamSupervisor-3/flow-81-2-actorRefSink#-373875776]
2018-12-22 10:15:26,299 [DEBUG] from play.api.libs.streams.ActorFlow$$anonfun$actorRef$1$$anon$1 in application-akka.actor.default-dispatcher-42 - stopped
2018-12-22 10:15:26,299 [INFO] from [CompilerActor(akka://application/user/$s/flowActor#-809000471)] in application-akka.actor.default-dispatcher-34 - Actor Stopped
2018-12-22 10:15:26,299 [DEBUG] from play.api.libs.streams.ActorFlow$$anonfun$actorRef$1$$anon$1 in application-akka.actor.default-dispatcher-42 - no longer watched by Actor[akka://application/system/StreamSupervisor-3/flow-85-2-actorRefSink#1332686560]
2018-12-22 10:15:26,299 [DEBUG] from play.api.libs.streams.ActorFlow$$anonfun$actorRef$1$$anon$1 in application-akka.actor.default-dispatcher-42 - no longer watched by Actor[akka://application/system/StreamSupervisor-3/flow-83-2-actorRefSink#99527467]
2018-12-22 10:15:26,300 [DEBUG] from play.api.libs.streams.ActorFlow$$anonfun$actorRef$1$$anon$1 in application-akka.actor.default-dispatcher-45 - stopped
2018-12-22 10:15:26,300 [DEBUG] from play.api.libs.streams.ActorFlow$$anonfun$actorRef$1$$anon$1 in application-akka.actor.default-dispatcher-45 - stopped
2018-12-22 10:15:27,695 [DEBUG] from play.api.libs.streams.ActorFlow$$anonfun$actorRef$1$$anon$1 in application-akka.actor.default-dispatcher-47 - started (play.api.libs.streams.ActorFlow$$anonfun$actorRef$1$$anon$1@476d0a24)
2018-12-22 10:15:27,695 [DEBUG] from play.api.libs.streams.ActorFlow$$anonfun$actorRef$1$$anon$1 in application-akka.actor.default-dispatcher-47 - now supervising Actor[akka://application/user/$t/flowActor#704879914]
2018-12-22 10:15:27,701 [DEBUG] from play.api.libs.streams.ActorFlow$$anonfun$actorRef$1$$anon$1 in application-akka.actor.default-dispatcher-34 - now watched by Actor[akka://application/system/StreamSupervisor-3/flow-95-2-actorRefSink#-1391377217]
2018-12-22 10:15:27,719 [DEBUG] from play.api.libs.streams.ActorFlow$$anonfun$actorRef$1$$anon$1 in application-akka.actor.default-dispatcher-41 - started (play.api.libs.streams.ActorFlow$$anonfun$actorRef$1$$anon$1@6cc94bb9)
2018-12-22 10:15:27,719 [DEBUG] from play.api.libs.streams.ActorFlow$$anonfun$actorRef$1$$anon$1 in application-akka.actor.default-dispatcher-41 - now supervising Actor[akka://application/user/$u/flowActor#1690207108]
2018-12-22 10:15:27,723 [DEBUG] from play.api.libs.streams.ActorFlow$$anonfun$actorRef$1$$anon$1 in application-akka.actor.default-dispatcher-46 - now watched by Actor[akka://application/system/StreamSupervisor-3/flow-97-2-actorRefSink#401579836]
2018-12-22 10:15:27,745 [DEBUG] from play.api.libs.streams.ActorFlow$$anonfun$actorRef$1$$anon$1 in application-akka.actor.default-dispatcher-45 - started (play.api.libs.streams.ActorFlow$$anonfun$actorRef$1$$anon$1@2686554d)
2018-12-22 10:15:27,745 [DEBUG] from play.api.libs.streams.ActorFlow$$anonfun$actorRef$1$$anon$1 in application-akka.actor.default-dispatcher-45 - now supervising Actor[akka://application/user/$v/flowActor#337916631]
2018-12-22 10:15:27,748 [DEBUG] from play.api.libs.streams.ActorFlow$$anonfun$actorRef$1$$anon$1 in application-akka.actor.default-dispatcher-42 - now watched by Actor[akka://application/system/StreamSupervisor-3/flow-99-2-actorRefSink#-576274264]
2018-12-22 10:18:06,984 [INFO] from [CompilerActor(akka://application/user/$t/flowActor#704879914)] in application-akka.actor.default-dispatcher-52 - Actor Stopped
2018-12-22 10:18:06,984 [DEBUG] from play.api.libs.streams.ActorFlow$$anonfun$actorRef$1$$anon$1 in application-akka.actor.default-dispatcher-49 - no longer watched by Actor[akka://application/system/StreamSupervisor-3/flow-95-2-actorRefSink#-1391377217]
2018-12-22 10:18:06,984 [DEBUG] from play.api.libs.streams.ActorFlow$$anonfun$actorRef$1$$anon$1 in application-akka.actor.default-dispatcher-49 - no longer watched by Actor[akka://application/system/StreamSupervisor-3/flow-97-2-actorRefSink#401579836]
2018-12-22 10:18:06,986 [DEBUG] from play.api.libs.streams.ActorFlow$$anonfun$actorRef$1$$anon$1 in application-akka.actor.default-dispatcher-52 - stopped
2018-12-22 10:18:06,986 [DEBUG] from play.api.libs.streams.ActorFlow$$anonfun$actorRef$1$$anon$1 in application-akka.actor.default-dispatcher-52 - stopped
2018-12-22 10:18:06,987 [DEBUG] from play.api.libs.streams.ActorFlow$$anonfun$actorRef$1$$anon$1 in application-akka.actor.default-dispatcher-52 - no longer watched by Actor[akka://application/system/StreamSupervisor-3/flow-99-2-actorRefSink#-576274264]
2018-12-22 10:18:06,987 [DEBUG] from play.api.libs.streams.ActorFlow$$anonfun$actorRef$1$$anon$1 in application-akka.actor.default-dispatcher-52 - stopped
2018-12-22 10:18:08,398 [DEBUG] from play.api.libs.streams.ActorFlow$$anonfun$actorRef$1$$anon$1 in application-akka.actor.default-dispatcher-48 - started (play.api.libs.streams.ActorFlow$$anonfun$actorRef$1$$anon$1@609d00b)
2018-12-22 10:18:08,399 [DEBUG] from play.api.libs.streams.ActorFlow$$anonfun$actorRef$1$$anon$1 in application-akka.actor.default-dispatcher-48 - now supervising Actor[akka://application/user/$w/flowActor#-1787876303]
2018-12-22 10:18:08,401 [DEBUG] from play.api.libs.streams.ActorFlow$$anonfun$actorRef$1$$anon$1 in application-akka.actor.default-dispatcher-50 - now watched by Actor[akka://application/system/StreamSupervisor-3/flow-109-2-actorRefSink#53117367]
2018-12-22 10:18:08,424 [DEBUG] from play.api.libs.streams.ActorFlow$$anonfun$actorRef$1$$anon$1 in application-akka.actor.default-dispatcher-53 - started (play.api.libs.streams.ActorFlow$$anonfun$actorRef$1$$anon$1@430b5eae)
2018-12-22 10:18:08,424 [DEBUG] from play.api.libs.streams.ActorFlow$$anonfun$actorRef$1$$anon$1 in application-akka.actor.default-dispatcher-53 - now supervising Actor[akka://application/user/$x/flowActor#-1638803431]
2018-12-22 10:18:08,426 [DEBUG] from play.api.libs.streams.ActorFlow$$anonfun$actorRef$1$$anon$1 in application-akka.actor.default-dispatcher-48 - now watched by Actor[akka://application/system/StreamSupervisor-3/flow-111-2-actorRefSink#1998769806]
2018-12-22 10:18:08,445 [DEBUG] from play.api.libs.streams.ActorFlow$$anonfun$actorRef$1$$anon$1 in application-akka.actor.default-dispatcher-49 - started (play.api.libs.streams.ActorFlow$$anonfun$actorRef$1$$anon$1@6484ce3e)
2018-12-22 10:18:08,445 [DEBUG] from play.api.libs.streams.ActorFlow$$anonfun$actorRef$1$$anon$1 in application-akka.actor.default-dispatcher-49 - now supervising Actor[akka://application/user/$y/flowActor#1792394366]
2018-12-22 10:18:08,447 [DEBUG] from play.api.libs.streams.ActorFlow$$anonfun$actorRef$1$$anon$1 in application-akka.actor.default-dispatcher-49 - now watched by Actor[akka://application/system/StreamSupervisor-3/flow-113-2-actorRefSink#1924774918]
2018-12-22 10:29:17,652 [INFO] from [CompilerActor(akka://application/user/$w/flowActor#-1787876303)] in application-akka.actor.default-dispatcher-55 - Actor Stopped
2018-12-22 10:29:17,652 [DEBUG] from play.api.libs.streams.ActorFlow$$anonfun$actorRef$1$$anon$1 in application-akka.actor.default-dispatcher-56 - no longer watched by Actor[akka://application/system/StreamSupervisor-3/flow-109-2-actorRefSink#53117367]
2018-12-22 10:29:17,652 [DEBUG] from play.api.libs.streams.ActorFlow$$anonfun$actorRef$1$$anon$1 in application-akka.actor.default-dispatcher-56 - no longer watched by Actor[akka://application/system/StreamSupervisor-3/flow-111-2-actorRefSink#1998769806]
2018-12-22 10:29:17,653 [DEBUG] from play.api.libs.streams.ActorFlow$$anonfun$actorRef$1$$anon$1 in application-akka.actor.default-dispatcher-56 - no longer watched by Actor[akka://application/system/StreamSupervisor-3/flow-113-2-actorRefSink#1924774918]
2018-12-22 10:29:17,653 [DEBUG] from play.api.libs.streams.ActorFlow$$anonfun$actorRef$1$$anon$1 in application-akka.actor.default-dispatcher-56 - stopped
2018-12-22 10:29:17,653 [DEBUG] from play.api.libs.streams.ActorFlow$$anonfun$actorRef$1$$anon$1 in application-akka.actor.default-dispatcher-58 - stopped
2018-12-22 10:29:17,653 [DEBUG] from play.api.libs.streams.ActorFlow$$anonfun$actorRef$1$$anon$1 in application-akka.actor.default-dispatcher-58 - stopped
2018-12-22 10:29:18,972 [DEBUG] from play.api.libs.streams.ActorFlow$$anonfun$actorRef$1$$anon$1 in application-akka.actor.default-dispatcher-55 - started (play.api.libs.streams.ActorFlow$$anonfun$actorRef$1$$anon$1@5bd2c463)
2018-12-22 10:29:18,972 [DEBUG] from play.api.libs.streams.ActorFlow$$anonfun$actorRef$1$$anon$1 in application-akka.actor.default-dispatcher-55 - now supervising Actor[akka://application/user/$z/flowActor#-587336429]
2018-12-22 10:29:18,974 [DEBUG] from play.api.libs.streams.ActorFlow$$anonfun$actorRef$1$$anon$1 in application-akka.actor.default-dispatcher-55 - now watched by Actor[akka://application/system/StreamSupervisor-3/flow-123-2-actorRefSink#-371303476]
2018-12-22 10:29:18,992 [DEBUG] from play.api.libs.streams.ActorFlow$$anonfun$actorRef$1$$anon$1 in application-akka.actor.default-dispatcher-55 - started (play.api.libs.streams.ActorFlow$$anonfun$actorRef$1$$anon$1@3482795a)
2018-12-22 10:29:18,992 [DEBUG] from play.api.libs.streams.ActorFlow$$anonfun$actorRef$1$$anon$1 in application-akka.actor.default-dispatcher-55 - now supervising Actor[akka://application/user/$A/flowActor#-945483873]
2018-12-22 10:29:18,994 [DEBUG] from play.api.libs.streams.ActorFlow$$anonfun$actorRef$1$$anon$1 in application-akka.actor.default-dispatcher-58 - now watched by Actor[akka://application/system/StreamSupervisor-3/flow-125-2-actorRefSink#1644423162]
2018-12-22 10:29:19,012 [DEBUG] from play.api.libs.streams.ActorFlow$$anonfun$actorRef$1$$anon$1 in application-akka.actor.default-dispatcher-58 - started (play.api.libs.streams.ActorFlow$$anonfun$actorRef$1$$anon$1@1a694357)
2018-12-22 10:29:19,012 [DEBUG] from play.api.libs.streams.ActorFlow$$anonfun$actorRef$1$$anon$1 in application-akka.actor.default-dispatcher-58 - now supervising Actor[akka://application/user/$B/flowActor#1361453410]
2018-12-22 10:29:19,014 [DEBUG] from play.api.libs.streams.ActorFlow$$anonfun$actorRef$1$$anon$1 in application-akka.actor.default-dispatcher-60 - now watched by Actor[akka://application/system/StreamSupervisor-3/flow-127-2-actorRefSink#-1153587086]
2018-12-22 10:29:38,391 [DEBUG] from play.api.libs.streams.ActorFlow$$anonfun$actorRef$1$$anon$1 in application-akka.actor.default-dispatcher-64 - no longer watched by Actor[akka://application/system/StreamSupervisor-3/flow-123-2-actorRefSink#-371303476]
2018-12-22 10:29:38,393 [INFO] from [CompilerActor(akka://application/user/$A/flowActor#-945483873)] in application-akka.actor.default-dispatcher-55 - Actor Stopped
2018-12-22 10:29:38,393 [DEBUG] from play.api.libs.streams.ActorFlow$$anonfun$actorRef$1$$anon$1 in application-akka.actor.default-dispatcher-64 - no longer watched by Actor[akka://application/system/StreamSupervisor-3/flow-127-2-actorRefSink#-1153587086]
2018-12-22 10:29:38,394 [DEBUG] from play.api.libs.streams.ActorFlow$$anonfun$actorRef$1$$anon$1 in application-akka.actor.default-dispatcher-64 - stopped
2018-12-22 10:29:38,394 [DEBUG] from play.api.libs.streams.ActorFlow$$anonfun$actorRef$1$$anon$1 in application-akka.actor.default-dispatcher-64 - no longer watched by Actor[akka://application/system/StreamSupervisor-3/flow-125-2-actorRefSink#1644423162]
2018-12-22 10:29:38,394 [DEBUG] from play.api.libs.streams.ActorFlow$$anonfun$actorRef$1$$anon$1 in application-akka.actor.default-dispatcher-63 - stopped
2018-12-22 10:29:38,394 [DEBUG] from play.api.libs.streams.ActorFlow$$anonfun$actorRef$1$$anon$1 in application-akka.actor.default-dispatcher-63 - stopped
2018-12-22 10:29:39,762 [DEBUG] from play.api.libs.streams.ActorFlow$$anonfun$actorRef$1$$anon$1 in application-akka.actor.default-dispatcher-62 - started (play.api.libs.streams.ActorFlow$$anonfun$actorRef$1$$anon$1@564a6a6f)
2018-12-22 10:29:39,762 [DEBUG] from play.api.libs.streams.ActorFlow$$anonfun$actorRef$1$$anon$1 in application-akka.actor.default-dispatcher-62 - now supervising Actor[akka://application/user/$C/flowActor#-625139576]
2018-12-22 10:29:39,765 [DEBUG] from play.api.libs.streams.ActorFlow$$anonfun$actorRef$1$$anon$1 in application-akka.actor.default-dispatcher-62 - now watched by Actor[akka://application/system/StreamSupervisor-3/flow-137-2-actorRefSink#1802113141]
2018-12-22 10:29:39,793 [DEBUG] from play.api.libs.streams.ActorFlow$$anonfun$actorRef$1$$anon$1 in application-akka.actor.default-dispatcher-60 - started (play.api.libs.streams.ActorFlow$$anonfun$actorRef$1$$anon$1@57809f6c)
2018-12-22 10:29:39,793 [DEBUG] from play.api.libs.streams.ActorFlow$$anonfun$actorRef$1$$anon$1 in application-akka.actor.default-dispatcher-60 - now supervising Actor[akka://application/user/$D/flowActor#2015571714]
2018-12-22 10:29:39,796 [DEBUG] from play.api.libs.streams.ActorFlow$$anonfun$actorRef$1$$anon$1 in application-akka.actor.default-dispatcher-50 - now watched by Actor[akka://application/system/StreamSupervisor-3/flow-139-2-actorRefSink#735750476]
2018-12-22 10:29:39,815 [DEBUG] from play.api.libs.streams.ActorFlow$$anonfun$actorRef$1$$anon$1 in application-akka.actor.default-dispatcher-55 - started (play.api.libs.streams.ActorFlow$$anonfun$actorRef$1$$anon$1@1e856e03)
2018-12-22 10:29:39,815 [DEBUG] from play.api.libs.streams.ActorFlow$$anonfun$actorRef$1$$anon$1 in application-akka.actor.default-dispatcher-55 - now supervising Actor[akka://application/user/$E/flowActor#867066377]
2018-12-22 10:29:39,818 [DEBUG] from play.api.libs.streams.ActorFlow$$anonfun$actorRef$1$$anon$1 in application-akka.actor.default-dispatcher-59 - now watched by Actor[akka://application/system/StreamSupervisor-3/flow-141-2-actorRefSink#-1691897174]
2018-12-22 10:36:19,617 [DEBUG] from play.api.libs.streams.ActorFlow$$anonfun$actorRef$1$$anon$1 in application-akka.actor.default-dispatcher-63 - no longer watched by Actor[akka://application/system/StreamSupervisor-3/flow-139-2-actorRefSink#735750476]
2018-12-22 10:36:19,618 [INFO] from [CompilerActor(akka://application/user/$D/flowActor#2015571714)] in application-akka.actor.default-dispatcher-65 - Actor Stopped
2018-12-22 10:36:19,618 [DEBUG] from play.api.libs.streams.ActorFlow$$anonfun$actorRef$1$$anon$1 in application-akka.actor.default-dispatcher-63 - no longer watched by Actor[akka://application/system/StreamSupervisor-3/flow-137-2-actorRefSink#1802113141]
2018-12-22 10:36:19,618 [DEBUG] from play.api.libs.streams.ActorFlow$$anonfun$actorRef$1$$anon$1 in application-akka.actor.default-dispatcher-63 - stopped
2018-12-22 10:36:19,620 [DEBUG] from play.api.libs.streams.ActorFlow$$anonfun$actorRef$1$$anon$1 in application-akka.actor.default-dispatcher-63 - no longer watched by Actor[akka://application/system/StreamSupervisor-3/flow-141-2-actorRefSink#-1691897174]
2018-12-22 10:36:19,620 [DEBUG] from play.api.libs.streams.ActorFlow$$anonfun$actorRef$1$$anon$1 in application-akka.actor.default-dispatcher-66 - stopped
2018-12-22 10:36:19,621 [DEBUG] from play.api.libs.streams.ActorFlow$$anonfun$actorRef$1$$anon$1 in application-akka.actor.default-dispatcher-70 - stopped
2018-12-22 10:36:21,127 [DEBUG] from play.api.libs.streams.ActorFlow$$anonfun$actorRef$1$$anon$1 in application-akka.actor.default-dispatcher-68 - started (play.api.libs.streams.ActorFlow$$anonfun$actorRef$1$$anon$1@3b7f873d)
2018-12-22 10:36:21,127 [DEBUG] from play.api.libs.streams.ActorFlow$$anonfun$actorRef$1$$anon$1 in application-akka.actor.default-dispatcher-68 - now supervising Actor[akka://application/user/$F/flowActor#-455710622]
2018-12-22 10:36:21,131 [DEBUG] from play.api.libs.streams.ActorFlow$$anonfun$actorRef$1$$anon$1 in application-akka.actor.default-dispatcher-66 - now watched by Actor[akka://application/system/StreamSupervisor-3/flow-151-2-actorRefSink#-747272466]
2018-12-22 10:36:21,151 [DEBUG] from play.api.libs.streams.ActorFlow$$anonfun$actorRef$1$$anon$1 in application-akka.actor.default-dispatcher-69 - started (play.api.libs.streams.ActorFlow$$anonfun$actorRef$1$$anon$1@173bb4b0)
2018-12-22 10:36:21,151 [DEBUG] from play.api.libs.streams.ActorFlow$$anonfun$actorRef$1$$anon$1 in application-akka.actor.default-dispatcher-69 - now supervising Actor[akka://application/user/$G/flowActor#-1131798484]
2018-12-22 10:36:21,154 [DEBUG] from play.api.libs.streams.ActorFlow$$anonfun$actorRef$1$$anon$1 in application-akka.actor.default-dispatcher-69 - now watched by Actor[akka://application/system/StreamSupervisor-3/flow-153-2-actorRefSink#759271586]
2018-12-22 10:36:21,180 [DEBUG] from play.api.libs.streams.ActorFlow$$anonfun$actorRef$1$$anon$1 in application-akka.actor.default-dispatcher-63 - started (play.api.libs.streams.ActorFlow$$anonfun$actorRef$1$$anon$1@2d07d793)
2018-12-22 10:36:21,180 [DEBUG] from play.api.libs.streams.ActorFlow$$anonfun$actorRef$1$$anon$1 in application-akka.actor.default-dispatcher-63 - now supervising Actor[akka://application/user/$H/flowActor#-20169035]
2018-12-22 10:36:21,186 [DEBUG] from play.api.libs.streams.ActorFlow$$anonfun$actorRef$1$$anon$1 in application-akka.actor.default-dispatcher-71 - now watched by Actor[akka://application/system/StreamSupervisor-3/flow-155-2-actorRefSink#1160114638]
2018-12-22 10:44:32,987 [INFO] from [CompilerActor(akka://application/user/$H/flowActor#-20169035)] in application-akka.actor.default-dispatcher-72 - Actor Stopped
2018-12-22 10:44:32,987 [DEBUG] from play.api.libs.streams.ActorFlow$$anonfun$actorRef$1$$anon$1 in application-akka.actor.default-dispatcher-75 - no longer watched by Actor[akka://application/system/StreamSupervisor-3/flow-151-2-actorRefSink#-747272466]
2018-12-22 10:44:32,988 [DEBUG] from play.api.libs.streams.ActorFlow$$anonfun$actorRef$1$$anon$1 in application-akka.actor.default-dispatcher-75 - no longer watched by Actor[akka://application/system/StreamSupervisor-3/flow-155-2-actorRefSink#1160114638]
2018-12-22 10:44:32,988 [DEBUG] from play.api.libs.streams.ActorFlow$$anonfun$actorRef$1$$anon$1 in application-akka.actor.default-dispatcher-75 - stopped
2018-12-22 10:44:32,988 [DEBUG] from play.api.libs.streams.ActorFlow$$anonfun$actorRef$1$$anon$1 in application-akka.actor.default-dispatcher-75 - stopped
2018-12-22 10:44:32,988 [DEBUG] from play.api.libs.streams.ActorFlow$$anonfun$actorRef$1$$anon$1 in application-akka.actor.default-dispatcher-75 - no longer watched by Actor[akka://application/system/StreamSupervisor-3/flow-153-2-actorRefSink#759271586]
2018-12-22 10:44:32,988 [DEBUG] from play.api.libs.streams.ActorFlow$$anonfun$actorRef$1$$anon$1 in application-akka.actor.default-dispatcher-70 - stopped
2018-12-22 10:44:34,342 [DEBUG] from play.api.libs.streams.ActorFlow$$anonfun$actorRef$1$$anon$1 in application-akka.actor.default-dispatcher-74 - started (play.api.libs.streams.ActorFlow$$anonfun$actorRef$1$$anon$1@8148e7e)
2018-12-22 10:44:34,342 [DEBUG] from play.api.libs.streams.ActorFlow$$anonfun$actorRef$1$$anon$1 in application-akka.actor.default-dispatcher-74 - now supervising Actor[akka://application/user/$I/flowActor#1474173917]
2018-12-22 10:44:34,345 [DEBUG] from play.api.libs.streams.ActorFlow$$anonfun$actorRef$1$$anon$1 in application-akka.actor.default-dispatcher-74 - now watched by Actor[akka://application/system/StreamSupervisor-3/flow-165-2-actorRefSink#-819039102]
2018-12-22 10:44:34,368 [DEBUG] from play.api.libs.streams.ActorFlow$$anonfun$actorRef$1$$anon$1 in application-akka.actor.default-dispatcher-76 - started (play.api.libs.streams.ActorFlow$$anonfun$actorRef$1$$anon$1@7c642b83)
2018-12-22 10:44:34,368 [DEBUG] from play.api.libs.streams.ActorFlow$$anonfun$actorRef$1$$anon$1 in application-akka.actor.default-dispatcher-76 - now supervising Actor[akka://application/user/$J/flowActor#-1992825602]
2018-12-22 10:44:34,371 [DEBUG] from play.api.libs.streams.ActorFlow$$anonfun$actorRef$1$$anon$1 in application-akka.actor.default-dispatcher-75 - now watched by Actor[akka://application/system/StreamSupervisor-3/flow-167-2-actorRefSink#1204125627]
2018-12-22 10:44:34,411 [DEBUG] from play.api.libs.streams.ActorFlow$$anonfun$actorRef$1$$anon$1 in application-akka.actor.default-dispatcher-75 - started (play.api.libs.streams.ActorFlow$$anonfun$actorRef$1$$anon$1@29809bb)
2018-12-22 10:44:34,412 [DEBUG] from play.api.libs.streams.ActorFlow$$anonfun$actorRef$1$$anon$1 in application-akka.actor.default-dispatcher-75 - now supervising Actor[akka://application/user/$K/flowActor#-516763872]
2018-12-22 10:44:34,414 [DEBUG] from play.api.libs.streams.ActorFlow$$anonfun$actorRef$1$$anon$1 in application-akka.actor.default-dispatcher-70 - now watched by Actor[akka://application/system/StreamSupervisor-3/flow-169-2-actorRefSink#1583892859]
2018-12-22 10:48:06,512 [DEBUG] from play.api.libs.streams.ActorFlow$$anonfun$actorRef$1$$anon$1 in application-akka.actor.default-dispatcher-79 - no longer watched by Actor[akka://application/system/StreamSupervisor-3/flow-167-2-actorRefSink#1204125627]
2018-12-22 10:48:06,513 [INFO] from [CompilerActor(akka://application/user/$K/flowActor#-516763872)] in application-akka.actor.default-dispatcher-80 - Actor Stopped
2018-12-22 10:48:06,514 [DEBUG] from play.api.libs.streams.ActorFlow$$anonfun$actorRef$1$$anon$1 in application-akka.actor.default-dispatcher-79 - no longer watched by Actor[akka://application/system/StreamSupervisor-3/flow-165-2-actorRefSink#-819039102]
2018-12-22 10:48:06,514 [DEBUG] from play.api.libs.streams.ActorFlow$$anonfun$actorRef$1$$anon$1 in application-akka.actor.default-dispatcher-79 - stopped
2018-12-22 10:48:06,514 [DEBUG] from play.api.libs.streams.ActorFlow$$anonfun$actorRef$1$$anon$1 in application-akka.actor.default-dispatcher-79 - no longer watched by Actor[akka://application/system/StreamSupervisor-3/flow-169-2-actorRefSink#1583892859]
2018-12-22 10:48:06,515 [DEBUG] from play.api.libs.streams.ActorFlow$$anonfun$actorRef$1$$anon$1 in application-akka.actor.default-dispatcher-79 - stopped
2018-12-22 10:48:06,515 [DEBUG] from play.api.libs.streams.ActorFlow$$anonfun$actorRef$1$$anon$1 in application-akka.actor.default-dispatcher-79 - stopped
2018-12-22 10:48:07,435 [DEBUG] from play.api.libs.streams.ActorFlow$$anonfun$actorRef$1$$anon$1 in application-akka.actor.default-dispatcher-83 - started (play.api.libs.streams.ActorFlow$$anonfun$actorRef$1$$anon$1@476a125d)
2018-12-22 10:48:07,435 [DEBUG] from play.api.libs.streams.ActorFlow$$anonfun$actorRef$1$$anon$1 in application-akka.actor.default-dispatcher-83 - now supervising Actor[akka://application/user/$L/flowActor#-2070681921]
2018-12-22 10:48:07,438 [DEBUG] from play.api.libs.streams.ActorFlow$$anonfun$actorRef$1$$anon$1 in application-akka.actor.default-dispatcher-82 - now watched by Actor[akka://application/system/StreamSupervisor-3/flow-179-2-actorRefSink#1262955000]
2018-12-22 10:48:07,456 [DEBUG] from play.api.libs.streams.ActorFlow$$anonfun$actorRef$1$$anon$1 in application-akka.actor.default-dispatcher-72 - started (play.api.libs.streams.ActorFlow$$anonfun$actorRef$1$$anon$1@6b7ecaff)
2018-12-22 10:48:07,456 [DEBUG] from play.api.libs.streams.ActorFlow$$anonfun$actorRef$1$$anon$1 in application-akka.actor.default-dispatcher-72 - now supervising Actor[akka://application/user/$M/flowActor#342635866]
2018-12-22 10:48:07,458 [DEBUG] from play.api.libs.streams.ActorFlow$$anonfun$actorRef$1$$anon$1 in application-akka.actor.default-dispatcher-84 - now watched by Actor[akka://application/system/StreamSupervisor-3/flow-181-2-actorRefSink#-1236556632]
2018-12-22 10:48:07,475 [DEBUG] from play.api.libs.streams.ActorFlow$$anonfun$actorRef$1$$anon$1 in application-akka.actor.default-dispatcher-81 - started (play.api.libs.streams.ActorFlow$$anonfun$actorRef$1$$anon$1@7788151d)
2018-12-22 10:48:07,475 [DEBUG] from play.api.libs.streams.ActorFlow$$anonfun$actorRef$1$$anon$1 in application-akka.actor.default-dispatcher-81 - now supervising Actor[akka://application/user/$N/flowActor#-431445536]
2018-12-22 10:48:07,477 [DEBUG] from play.api.libs.streams.ActorFlow$$anonfun$actorRef$1$$anon$1 in application-akka.actor.default-dispatcher-81 - now watched by Actor[akka://application/system/StreamSupervisor-3/flow-183-2-actorRefSink#2046750926]
